{"/home/yar/projects/frontend-project-lvl2/src/diff.js": {"path":"/home/yar/projects/frontend-project-lvl2/src/diff.js","all":false,"statementMap":{"0":{"start":{"line":1,"column":0},"end":{"line":1,"column":38}},"1":{"start":{"line":2,"column":0},"end":{"line":2,"column":31}},"2":{"start":{"line":3,"column":0},"end":{"line":3,"column":23}},"3":{"start":{"line":4,"column":0},"end":{"line":4,"column":0}},"4":{"start":{"line":5,"column":0},"end":{"line":5,"column":35}},"5":{"start":{"line":6,"column":0},"end":{"line":6,"column":33}},"6":{"start":{"line":7,"column":0},"end":{"line":7,"column":33}},"7":{"start":{"line":8,"column":0},"end":{"line":8,"column":34}},"8":{"start":{"line":9,"column":0},"end":{"line":9,"column":34}},"9":{"start":{"line":10,"column":0},"end":{"line":10,"column":40}},"10":{"start":{"line":11,"column":0},"end":{"line":11,"column":39}},"11":{"start":{"line":12,"column":0},"end":{"line":12,"column":27}},"12":{"start":{"line":13,"column":0},"end":{"line":13,"column":25}},"13":{"start":{"line":14,"column":0},"end":{"line":14,"column":25}},"14":{"start":{"line":15,"column":0},"end":{"line":15,"column":48}},"15":{"start":{"line":16,"column":0},"end":{"line":16,"column":55}},"16":{"start":{"line":17,"column":0},"end":{"line":17,"column":55}},"17":{"start":{"line":18,"column":0},"end":{"line":18,"column":59}},"18":{"start":{"line":19,"column":0},"end":{"line":19,"column":47}},"19":{"start":{"line":20,"column":0},"end":{"line":20,"column":96}},"20":{"start":{"line":21,"column":0},"end":{"line":21,"column":5}},"21":{"start":{"line":22,"column":0},"end":{"line":22,"column":27}},"22":{"start":{"line":23,"column":0},"end":{"line":23,"column":33}},"23":{"start":{"line":24,"column":0},"end":{"line":24,"column":5}},"24":{"start":{"line":25,"column":0},"end":{"line":25,"column":31}},"25":{"start":{"line":26,"column":0},"end":{"line":26,"column":9}},"26":{"start":{"line":27,"column":0},"end":{"line":27,"column":36}},"27":{"start":{"line":28,"column":0},"end":{"line":28,"column":2}},"28":{"start":{"line":29,"column":0},"end":{"line":29,"column":0}},"29":{"start":{"line":30,"column":0},"end":{"line":30,"column":23}}},"s":{"0":1,"1":1,"2":1,"3":1,"4":1,"5":3,"6":3,"7":3,"8":3,"9":3,"10":3,"11":3,"12":3,"13":3,"14":3,"15":4,"16":4,"17":4,"18":4,"19":2,"20":2,"21":4,"22":1,"23":1,"24":1,"25":3,"26":3,"27":3,"28":1,"29":1},"branchMap":{"0":{"type":"branch","line":5,"loc":{"start":{"line":5,"column":16},"end":{"line":28,"column":2}},"locations":[{"start":{"line":5,"column":16},"end":{"line":28,"column":2}}]},"1":{"type":"branch","line":15,"loc":{"start":{"line":15,"column":33},"end":{"line":26,"column":5}},"locations":[{"start":{"line":15,"column":33},"end":{"line":26,"column":5}}]},"2":{"type":"branch","line":19,"loc":{"start":{"line":19,"column":8},"end":{"line":19,"column":29}},"locations":[{"start":{"line":19,"column":8},"end":{"line":19,"column":29}}]},"3":{"type":"branch","line":19,"loc":{"start":{"line":19,"column":46},"end":{"line":22,"column":8}},"locations":[{"start":{"line":19,"column":46},"end":{"line":22,"column":8}}]},"4":{"type":"branch","line":20,"loc":{"start":{"line":20,"column":13},"end":{"line":20,"column":42}},"locations":[{"start":{"line":20,"column":13},"end":{"line":20,"column":42}}]},"5":{"type":"branch","line":20,"loc":{"start":{"line":20,"column":13},"end":{"line":20,"column":75}},"locations":[{"start":{"line":20,"column":13},"end":{"line":20,"column":75}}]},"6":{"type":"branch","line":22,"loc":{"start":{"line":22,"column":26},"end":{"line":26,"column":5}},"locations":[{"start":{"line":22,"column":26},"end":{"line":26,"column":5}}]}},"b":{"0":[3],"1":[4],"2":[3],"3":[2],"4":[1],"5":[1],"6":[1]},"fnMap":{"0":{"name":"genDiff","decl":{"start":{"line":5,"column":16},"end":{"line":28,"column":2}},"loc":{"start":{"line":5,"column":16},"end":{"line":28,"column":2}},"line":5}},"f":{"0":3}}
}
